TN:
SF:index.js
FN:18,(anonymous_0)
FNF:1
FNH:1
FNDA:1,(anonymous_0)
DA:5,1
DA:6,1
DA:8,1
DA:14,1
DA:16,1
DA:18,1
DA:19,1
LF:7
LH:7
BRDA:6,0,0,1
BRDA:6,0,1,0
BRF:2
BRH:1
end_of_record
TN:
SF:controllers/testControllers.js
FN:3,(anonymous_0)
FN:7,(anonymous_1)
FN:8,(anonymous_2)
FN:16,(anonymous_3)
FN:22,(anonymous_4)
FN:23,(anonymous_5)
FN:32,(anonymous_6)
FN:33,(anonymous_7)
FNF:8
FNH:0
FNDA:0,(anonymous_0)
FNDA:0,(anonymous_1)
FNDA:0,(anonymous_2)
FNDA:0,(anonymous_3)
FNDA:0,(anonymous_4)
FNDA:0,(anonymous_5)
FNDA:0,(anonymous_6)
FNDA:0,(anonymous_7)
DA:1,1
DA:3,1
DA:4,0
DA:7,1
DA:8,0
DA:9,0
DA:10,0
DA:12,0
DA:16,1
DA:17,0
DA:18,0
DA:19,0
DA:22,1
DA:23,0
DA:24,0
DA:25,0
DA:26,0
DA:28,0
DA:32,1
DA:33,0
DA:34,0
DA:35,0
DA:36,0
DA:38,0
LF:24
LH:6
BRDA:9,0,0,0
BRDA:9,0,1,0
BRDA:24,1,0,0
BRDA:24,1,1,0
BRDA:34,2,0,0
BRDA:34,2,1,0
BRF:6
BRH:0
end_of_record
TN:
SF:routes/testRoutes.js
FNF:0
FNH:0
DA:10,1
DA:12,1
DA:13,1
DA:14,1
DA:15,1
DA:16,1
LF:6
LH:6
BRF:0
BRH:0
end_of_record
